Using pre-set license
Built from '2023.1/staging' branch; Version is '2023.1.8f1 (ab88ac34d80c) revision 11241644'; Using compiler version '192829333'; Build Type 'Release'
OS: 'Windows 10  (10.0.19045) 64bit Core' Language: 'en' Physical Memory: 32679 MB
BatchMode: 1, IsHumanControllingUs: 0, StartBugReporterOnCrash: 0, Is64bit: 1, IsPro: 1

COMMAND LINE ARGUMENTS:
C:\Program Files\Unity 2023.1.8f1\Editor\Unity.exe
-adb2
-batchMode
-noUpm
-name
AssetImportWorker3
-projectPath
C:/DES311/DES311Main
-logFile
Logs/AssetImportWorker3.log
-srvPort
49388
Successfully changed project path to: C:/DES311/DES311Main
C:/DES311/DES311Main
[UnityMemory] Configuration Parameters - Can be set up in boot.config
    "memorysetup-bucket-allocator-granularity=16"
    "memorysetup-bucket-allocator-bucket-count=8"
    "memorysetup-bucket-allocator-block-size=33554432"
    "memorysetup-bucket-allocator-block-count=8"
    "memorysetup-main-allocator-block-size=16777216"
    "memorysetup-thread-allocator-block-size=16777216"
    "memorysetup-gfx-main-allocator-block-size=16777216"
    "memorysetup-gfx-thread-allocator-block-size=16777216"
    "memorysetup-cache-allocator-block-size=4194304"
    "memorysetup-typetree-allocator-block-size=2097152"
    "memorysetup-profiler-bucket-allocator-granularity=16"
    "memorysetup-profiler-bucket-allocator-bucket-count=8"
    "memorysetup-profiler-bucket-allocator-block-size=33554432"
    "memorysetup-profiler-bucket-allocator-block-count=8"
    "memorysetup-profiler-allocator-block-size=16777216"
    "memorysetup-profiler-editor-allocator-block-size=1048576"
    "memorysetup-temp-allocator-size-main=16777216"
    "memorysetup-job-temp-allocator-block-size=2097152"
    "memorysetup-job-temp-allocator-block-size-background=1048576"
    "memorysetup-job-temp-allocator-reduction-small-platforms=262144"
    "memorysetup-allocator-temp-initial-block-size-main=262144"
    "memorysetup-allocator-temp-initial-block-size-worker=262144"
    "memorysetup-temp-allocator-size-background-worker=32768"
    "memorysetup-temp-allocator-size-job-worker=262144"
    "memorysetup-temp-allocator-size-preload-manager=33554432"
    "memorysetup-temp-allocator-size-nav-mesh-worker=65536"
    "memorysetup-temp-allocator-size-audio-worker=65536"
    "memorysetup-temp-allocator-size-cloud-worker=32768"
    "memorysetup-temp-allocator-size-gi-baking-worker=262144"
    "memorysetup-temp-allocator-size-gfx=262144"
Player connection [15436] Host "[IP] 192.168.74.1 [Port] 0 [Flags] 2 [Guid] 1212443047 [EditorId] 1212443047 [Version] 1048832 [Id] WindowsEditor(7,DESKTOP-3UGJHFJ) [Debug] 1 [PackageName] WindowsEditor [ProjectName] Editor" joined multi-casting on [225.0.0.222:54997]...

Player connection [15436] Host "[IP] 192.168.74.1 [Port] 0 [Flags] 2 [Guid] 1212443047 [EditorId] 1212443047 [Version] 1048832 [Id] WindowsEditor(7,DESKTOP-3UGJHFJ) [Debug] 1 [PackageName] WindowsEditor [ProjectName] Editor" joined alternative multi-casting on [225.0.0.222:34997]...

Library Redirect Path: Library/Refreshing native plugins compatible for Editor in 10.73 ms, found 3 plugins.
Preloading 0 native plugins for Editor in 0.00 ms.
Initialize engine version: 2023.1.8f1 (ab88ac34d80c)
[Subsystems] Discovering subsystems at path C:/Program Files/Unity 2023.1.8f1/Editor/Data/Resources/UnitySubsystems
[Subsystems] Discovering subsystems at path C:/DES311/DES311Main/Assets
GfxDevice: creating device client; threaded=0; jobified=0
Direct3D:
    Version:  Direct3D 11.0 [level 11.1]
    Renderer: NVIDIA GeForce RTX 3070 (ID=0x2484)
    Vendor:   NVIDIA
    VRAM:     8018 MB
    Driver:   31.0.15.5186
Initialize mono
Mono path[0] = 'C:/Program Files/Unity 2023.1.8f1/Editor/Data/Managed'
Mono path[1] = 'C:/Program Files/Unity 2023.1.8f1/Editor/Data/MonoBleedingEdge/lib/mono/unityjit-win32'
Mono config path = 'C:/Program Files/Unity 2023.1.8f1/Editor/Data/MonoBleedingEdge/etc'
Using monoOptions --debugger-agent=transport=dt_socket,embedding=1,server=y,suspend=n,address=127.0.0.1:56100
Begin MonoManager ReloadAssembly
C:\build\output\Unity-Technologies\mono\mono\metadata\icall.c:1842:
C:\build\output\Unity-Technologies\mono\mono\metadata\icall.c:1842:
C:\build\output\Unity-Technologies\mono\mono\metadata\icall.c:1842:
C:\build\output\Unity-Technologies\mono\mono\metadata\icall.c:1842:
C:\build\output\Unity-Technologies\mono\mono\metadata\icall.c:1842:
C:\build\output\Unity-Technologies\mono\mono\metadata\icall.c:1842:
C:\build\output\Unity-Technologies\mono\mono\metadata\icall.c:1842:
C:\build\output\Unity-Technologies\mono\mono\metadata\icall.c:1842:
C:\build\output\Unity-Technologies\mono\mono\metadata\icall.c:1842:
C:\build\output\Unity-Technologies\mono\mono\metadata\icall.c:1842:
Registering precompiled unity dll's ...
Register platform support module: C:/Program Files/Unity 2023.1.8f1/Editor/Data/PlaybackEngines/WindowsStandaloneSupport/UnityEditor.WindowsStandalone.Extensions.dll
Registered in 0.006088 seconds.
- Loaded All Assemblies, in  0.532 seconds
Native extension for WindowsStandalone target not found
Mono: successfully reloaded assembly
C:\build\output\Unity-Technologies\mono\mono\metadata\icall.c:1842:
C:\build\output\Unity-Technologies\mono\mono\metadata\icall.c:1842:
- Finished resetting the current domain, in  0.409 seconds
Domain Reload Profiling: 936ms
	BeginReloadAssembly (176ms)
		ExecutionOrderSort (0ms)
		DisableScriptedObjects (0ms)
		BackupInstance (0ms)
		ReleaseScriptingObjects (0ms)
		CreateAndSetChildDomain (1ms)
	RebuildCommonClasses (54ms)
	RebuildNativeTypeToScriptingClass (15ms)
	initialDomainReloadingComplete (73ms)
	LoadAllAssembliesAndSetupDomain (209ms)
		LoadAssemblies (171ms)
		RebuildTransferFunctionScriptingTraits (0ms)
		AnalyzeDomain (202ms)
			TypeCache.Refresh (201ms)
				TypeCache.ScanAssembly (182ms)
			ScanForSourceGeneratedMonoScriptInfo (1ms)
			ResolveRequiredComponents (1ms)
	FinalizeReload (410ms)
		ReleaseScriptCaches (0ms)
		RebuildScriptCaches (0ms)
		SetupLoadedEditorAssemblies (348ms)
			LogAssemblyErrors (0ms)
			InitializePlatformSupportModulesInManaged (11ms)
			SetLoadedEditorAssemblies (6ms)
			BeforeProcessingInitializeOnLoad (10ms)
			ProcessInitializeOnLoadAttributes (238ms)
			ProcessInitializeOnLoadMethodAttributes (83ms)
			AfterProcessingInitializeOnLoad (0ms)
			EditorAssembliesLoaded (0ms)
		ExecutionOrderSort2 (0ms)
		AwakeInstancesAfterBackupRestoration (0ms)
========================================================================
Worker process is ready to serve import requests
Import Worker Mode flag is 0x00
Begin MonoManager ReloadAssembly
C:\build\output\Unity-Technologies\mono\mono\metadata\icall.c:1842:
C:\build\output\Unity-Technologies\mono\mono\metadata\icall.c:1842:
C:\build\output\Unity-Technologies\mono\mono\metadata\icall.c:1842:
C:\build\output\Unity-Technologies\mono\mono\metadata\icall.c:1842:
C:\build\output\Unity-Technologies\mono\mono\metadata\icall.c:1842:
C:\build\output\Unity-Technologies\mono\mono\metadata\icall.c:1842:
C:\build\output\Unity-Technologies\mono\mono\metadata\icall.c:1842:
C:\build\output\Unity-Technologies\mono\mono\metadata\icall.c:1842:
C:\build\output\Unity-Technologies\mono\mono\metadata\icall.c:1842:
C:\build\output\Unity-Technologies\mono\mono\metadata\icall.c:1842:
C:\build\output\Unity-Technologies\mono\mono\metadata\icall.c:1842:
C:\build\output\Unity-Technologies\mono\mono\metadata\icall.c:1842:
Symbol file LoadedFromMemory doesn't match image C:\DES311\DES311Main\Library\PackageCache\com.unity.visualscripting@1.8.0\Editor\VisualScripting.Core\Dependencies\YamlDotNet\Unity.VisualScripting.YamlDotNet.dll
Symbol file LoadedFromMemory doesn't match image C:\DES311\DES311Main\Library\PackageCache\com.unity.visualscripting@1.8.0\Editor\VisualScripting.Core\Dependencies\DotNetZip\Unity.VisualScripting.IonicZip.dll
- Loaded All Assemblies, in  1.198 seconds
Refreshing native plugins compatible for Editor in 2.88 ms, found 3 plugins.
Native extension for WindowsStandalone target not found
Mono: successfully reloaded assembly
- Finished resetting the current domain, in  0.756 seconds
Domain Reload Profiling: 1947ms
	BeginReloadAssembly (367ms)
		ExecutionOrderSort (0ms)
		DisableScriptedObjects (7ms)
		BackupInstance (0ms)
		ReleaseScriptingObjects (0ms)
		CreateAndSetChildDomain (41ms)
	RebuildCommonClasses (37ms)
	RebuildNativeTypeToScriptingClass (12ms)
	initialDomainReloadingComplete (46ms)
	LoadAllAssembliesAndSetupDomain (728ms)
		LoadAssemblies (427ms)
		RebuildTransferFunctionScriptingTraits (0ms)
		AnalyzeDomain (412ms)
			TypeCache.Refresh (375ms)
				TypeCache.ScanAssembly (357ms)
			ScanForSourceGeneratedMonoScriptInfo (24ms)
			ResolveRequiredComponents (12ms)
	FinalizeReload (756ms)
		ReleaseScriptCaches (0ms)
		RebuildScriptCaches (0ms)
		SetupLoadedEditorAssemblies (506ms)
			LogAssemblyErrors (0ms)
			InitializePlatformSupportModulesInManaged (8ms)
			SetLoadedEditorAssemblies (5ms)
			BeforeProcessingInitializeOnLoad (111ms)
			ProcessInitializeOnLoadAttributes (350ms)
			ProcessInitializeOnLoadMethodAttributes (24ms)
			AfterProcessingInitializeOnLoad (8ms)
			EditorAssembliesLoaded (0ms)
		ExecutionOrderSort2 (0ms)
		AwakeInstancesAfterBackupRestoration (8ms)
Launched and connected shader compiler UnityShaderCompiler.exe after 0.02 seconds
Refreshing native plugins compatible for Editor in 6.06 ms, found 3 plugins.
Preloading 0 native plugins for Editor in 0.00 ms.
Unloading 4396 Unused Serialized files (Serialized files now loaded: 0)
Unloading 50 unused Assets / (1.5 MB). Loaded Objects now: 4935.
Memory consumption went from 159.9 MB to 158.4 MB.
Total: 8.785900 ms (FindLiveObjects: 0.667200 ms CreateObjectMapping: 0.190400 ms MarkObjects: 7.007900 ms  DeleteObjects: 0.918600 ms)

AssetImportParameters requested are different than current active one (requested -> active):
  custom:video-decoder-webm-vp8: 9c59270c3fd7afecdb556c50c9e8de78 -> 
  custom:SearchIndexIgnoredProperties: e643bd26f0fe6173181afceb89e7c659 -> 
  custom:audio-encoder-webm-vorbis: bf7c407c2cedff20999df2af8eb42d56 -> 
  custom:AudioImporter_EditorPlatform: d09bf68614088b80899f8185d706f6e7 -> 
  custom:audio-decoder-ogg-vorbis: bf7c407c2cedff20999df2af8eb42d56 -> 
  custom:video-encoder-webm-vp8: eb34c28f22e8b96e1ab97ce403110664 -> 
  custom:container-demuxer-ogg: 62fdf1f143b41e24485cea50d1cbac27 -> 
  custom:framework-win-MediaFoundation: 216162199b28c13a410421893ffa2e32 -> 
  custom:video-decoder-ogg-theora: a1e56fd34408186e4bbccfd4996cb3dc -> 
  custom:container-muxer-webm: aa71ff27fc2769a1b78a27578f13a17b -> 
  custom:CustomObjectIndexerAttribute: 756ad292c208cfabdd7b50bc23989ffe -> 
  custom:container-demuxer-webm: 4f35f7cbe854078d1ac9338744f61a02 -> 
========================================================================
Received Import Request.
  Time since last request: 173246.931210 seconds.
  path: Assets/Images/Screenshot 2024-04-29 214856.png
  artifactKey: Guid(4f03d87fefece9d43adbdb70453191c0) Importer(815301076,1909f56bfc062723c751e8b465ee728b)
Start importing Assets/Images/Screenshot 2024-04-29 214856.png using Guid(4f03d87fefece9d43adbdb70453191c0) Importer(815301076,1909f56bfc062723c751e8b465ee728b)  -> (artifact id: '28bc1cf6b8ac76d689867f516b38f039') in 0.132620 seconds
Number of updated asset objects reloaded before import = 0
Number of asset objects unloaded after import = 2
========================================================================
Received Import Request.
  Time since last request: 0.000039 seconds.
  path: Assets/Sushi/Prefabs/Box_Plastic_White_Small_001.prefab
  artifactKey: Guid(340f09664970f844c8c298a160766594) Importer(815301076,1909f56bfc062723c751e8b465ee728b)
Start importing Assets/Sushi/Prefabs/Box_Plastic_White_Small_001.prefab using Guid(340f09664970f844c8c298a160766594) Importer(815301076,1909f56bfc062723c751e8b465ee728b)  -> (artifact id: '7296e54efd230eee100afb6bc937b0d5') in 0.112472 seconds
Number of updated asset objects reloaded before import = 0
Number of asset objects unloaded after import = 17
========================================================================
Received Import Request.
  Time since last request: 0.000034 seconds.
  path: Assets/Sushi/Prefabs/Sushi_Small_Nori_002.prefab
  artifactKey: Guid(9e2dae4be4b61954694301693fe66cf2) Importer(815301076,1909f56bfc062723c751e8b465ee728b)
Start importing Assets/Sushi/Prefabs/Sushi_Small_Nori_002.prefab using Guid(9e2dae4be4b61954694301693fe66cf2) Importer(815301076,1909f56bfc062723c751e8b465ee728b)  -> (artifact id: '6a87653f2ba37073b2e4d96fbfa58fd5') in 0.025634 seconds
Number of updated asset objects reloaded before import = 0
Number of asset objects unloaded after import = 17
========================================================================
Received Import Request.
  Time since last request: 0.000023 seconds.
  path: Assets/Sushi/Prefabs/Salmon_Filet_003.prefab
  artifactKey: Guid(b1c9a7d5deafa7540a8e16cb21654ad3) Importer(815301076,1909f56bfc062723c751e8b465ee728b)
Start importing Assets/Sushi/Prefabs/Salmon_Filet_003.prefab using Guid(b1c9a7d5deafa7540a8e16cb21654ad3) Importer(815301076,1909f56bfc062723c751e8b465ee728b)  -> (artifact id: '5ede88c997ec8e07edd4aaf3d72ddcb0') in 0.019989 seconds
Number of updated asset objects reloaded before import = 0
Number of asset objects unloaded after import = 17
========================================================================
Received Import Request.
  Time since last request: 0.000021 seconds.
  path: Assets/Material/Floor.mat
  artifactKey: Guid(dd3b42419ac1969449cc0378f31139e2) Importer(815301076,1909f56bfc062723c751e8b465ee728b)
Start importing Assets/Material/Floor.mat using Guid(dd3b42419ac1969449cc0378f31139e2) Importer(815301076,1909f56bfc062723c751e8b465ee728b)  -> (artifact id: '69e5a48f06ef9a62e58efb0a289feb52') in 0.036285 seconds
Number of updated asset objects reloaded before import = 0
Number of asset objects unloaded after import = 1
========================================================================
Received Import Request.
  Time since last request: 0.000026 seconds.
  path: Assets/Sushi/Prefabs/Box_Cardboard_Small_002.prefab
  artifactKey: Guid(6fa395dceb601ff44aa5e9a02548f809) Importer(815301076,1909f56bfc062723c751e8b465ee728b)
Start importing Assets/Sushi/Prefabs/Box_Cardboard_Small_002.prefab using Guid(6fa395dceb601ff44aa5e9a02548f809) Importer(815301076,1909f56bfc062723c751e8b465ee728b)  -> (artifact id: '0f611f1a68362619fdb37dfebff0f409') in 0.022046 seconds
Number of updated asset objects reloaded before import = 0
Number of asset objects unloaded after import = 17
========================================================================
Received Import Request.
  Time since last request: 3982.821375 seconds.
  path: Assets/Sushi/Meshes/Spoon_Wood_002.fbx
  artifactKey: Guid(87529f650dbd2de4aac307e13d879529) Importer(815301076,1909f56bfc062723c751e8b465ee728b)
Start importing Assets/Sushi/Meshes/Spoon_Wood_002.fbx using Guid(87529f650dbd2de4aac307e13d879529) Importer(815301076,1909f56bfc062723c751e8b465ee728b)  -> (artifact id: 'f8e5848b87fca0b74dedb3da4f2b3670') in 0.054898 seconds
Number of updated asset objects reloaded before import = 0
Number of asset objects unloaded after import = 8
========================================================================
Received Import Request.
  Time since last request: 0.000030 seconds.
  path: Assets/Sushi/Meshes/Sushi_Small_Narrow_Tuna_Fat_001.fbx
  artifactKey: Guid(37b5966149d4cfb48bad55ea9396f9b8) Importer(815301076,1909f56bfc062723c751e8b465ee728b)
Start importing Assets/Sushi/Meshes/Sushi_Small_Narrow_Tuna_Fat_001.fbx using Guid(37b5966149d4cfb48bad55ea9396f9b8) Importer(815301076,1909f56bfc062723c751e8b465ee728b)  -> (artifact id: 'dc1e173ab5f7da3fb0f32c6247f32ff8') in 0.046316 seconds
Number of updated asset objects reloaded before import = 0
Number of asset objects unloaded after import = 8
========================================================================
Received Import Request.
  Time since last request: 0.000023 seconds.
  path: Assets/Sushi/Meshes/Sushi_Long_Nori_004.fbx
  artifactKey: Guid(83016b24e2cdca0469dbb45aff7b0181) Importer(815301076,1909f56bfc062723c751e8b465ee728b)
Start importing Assets/Sushi/Meshes/Sushi_Long_Nori_004.fbx using Guid(83016b24e2cdca0469dbb45aff7b0181) Importer(815301076,1909f56bfc062723c751e8b465ee728b)  -> (artifact id: 'f94776d7c98c5fa9d7dd5899262aa722') in 0.042458 seconds
Number of updated asset objects reloaded before import = 0
Number of asset objects unloaded after import = 8
========================================================================
Received Import Request.
  Time since last request: 0.000032 seconds.
  path: Assets/Sushi/Meshes/Sushi_Small_Narrow_Tuna_001.fbx
  artifactKey: Guid(e0b1a578475ee764897c6c64363dd533) Importer(815301076,1909f56bfc062723c751e8b465ee728b)
Start importing Assets/Sushi/Meshes/Sushi_Small_Narrow_Tuna_001.fbx using Guid(e0b1a578475ee764897c6c64363dd533) Importer(815301076,1909f56bfc062723c751e8b465ee728b)  -> (artifact id: '70c43c8ce699c24f25b24a30b8d62038') in 0.030583 seconds
Number of updated asset objects reloaded before import = 0
Number of asset objects unloaded after import = 8
========================================================================
Received Import Request.
  Time since last request: 0.535930 seconds.
  path: Assets/Sushi/Meshes/Sushi_Small_Nori_002.fbx
  artifactKey: Guid(ab4a7244f8e990f40a712d84e7b5b1ef) Importer(815301076,1909f56bfc062723c751e8b465ee728b)
Start importing Assets/Sushi/Meshes/Sushi_Small_Nori_002.fbx using Guid(ab4a7244f8e990f40a712d84e7b5b1ef) Importer(815301076,1909f56bfc062723c751e8b465ee728b)  -> (artifact id: '1849453be04814f5a06e260f5b3d031f') in 0.021595 seconds
Number of updated asset objects reloaded before import = 0
Number of asset objects unloaded after import = 8
========================================================================
Received Import Request.
  Time since last request: 0.018493 seconds.
  path: Assets/Sushi/Meshes/Sushi_Small_Salmon_002.fbx
  artifactKey: Guid(cb4a52ff78ecaf44b871a114ac1cc4ef) Importer(815301076,1909f56bfc062723c751e8b465ee728b)
Start importing Assets/Sushi/Meshes/Sushi_Small_Salmon_002.fbx using Guid(cb4a52ff78ecaf44b871a114ac1cc4ef) Importer(815301076,1909f56bfc062723c751e8b465ee728b)  -> (artifact id: 'fc28f1a09d488599e96bed17d1bb9a2f') in 0.021176 seconds
Number of updated asset objects reloaded before import = 0
Number of asset objects unloaded after import = 8
========================================================================
Received Import Request.
  Time since last request: 0.000017 seconds.
  path: Assets/Sushi/Meshes/Tray_Bamboo_Small_2_004.fbx
  artifactKey: Guid(1478aa9a009792e41ab2e5bcae7ff115) Importer(815301076,1909f56bfc062723c751e8b465ee728b)
Start importing Assets/Sushi/Meshes/Tray_Bamboo_Small_2_004.fbx using Guid(1478aa9a009792e41ab2e5bcae7ff115) Importer(815301076,1909f56bfc062723c751e8b465ee728b)  -> (artifact id: '1590d0236fb636b5029c00bd9e0b0802') in 0.021619 seconds
Number of updated asset objects reloaded before import = 0
Number of asset objects unloaded after import = 8
========================================================================
Received Import Request.
  Time since last request: 0.016375 seconds.
  path: Assets/Sushi/Meshes/Salmon_Filet_003.fbx
  artifactKey: Guid(ef4ce7ba2bf1f9848ba4e80f6a82acd8) Importer(815301076,1909f56bfc062723c751e8b465ee728b)
Start importing Assets/Sushi/Meshes/Salmon_Filet_003.fbx using Guid(ef4ce7ba2bf1f9848ba4e80f6a82acd8) Importer(815301076,1909f56bfc062723c751e8b465ee728b)  -> (artifact id: '77653b62e09e656276fb6a55fd2f8291') in 0.020837 seconds
Number of updated asset objects reloaded before import = 0
Number of asset objects unloaded after import = 8
========================================================================
Received Import Request.
  Time since last request: 0.000017 seconds.
  path: Assets/Sushi/Meshes/Salmon_Cut_005.fbx
  artifactKey: Guid(85602fad35317bc468b58087893f2316) Importer(815301076,1909f56bfc062723c751e8b465ee728b)
Start importing Assets/Sushi/Meshes/Salmon_Cut_005.fbx using Guid(85602fad35317bc468b58087893f2316) Importer(815301076,1909f56bfc062723c751e8b465ee728b)  -> (artifact id: '2459f41fcda8109209313ea4ce8711b2') in 0.020757 seconds
Number of updated asset objects reloaded before import = 0
Number of asset objects unloaded after import = 8
========================================================================
Received Import Request.
  Time since last request: 0.215299 seconds.
  path: Assets/Sushi/Meshes/Box_Cardboard_Small_001.fbx
  artifactKey: Guid(b1c054c3d10327e4eb48867b9761dfc2) Importer(815301076,1909f56bfc062723c751e8b465ee728b)
Start importing Assets/Sushi/Meshes/Box_Cardboard_Small_001.fbx using Guid(b1c054c3d10327e4eb48867b9761dfc2) Importer(815301076,1909f56bfc062723c751e8b465ee728b)  -> (artifact id: '98449f46163ab489d41dc08049673b2b') in 0.019784 seconds
Number of updated asset objects reloaded before import = 0
Number of asset objects unloaded after import = 8
========================================================================
Received Import Request.
  Time since last request: 0.000016 seconds.
  path: Assets/Sushi/Meshes/Rice_Bowl_001.fbx
  artifactKey: Guid(29b1fa6fbc2e91945a4b78f6d4392bd8) Importer(815301076,1909f56bfc062723c751e8b465ee728b)
Start importing Assets/Sushi/Meshes/Rice_Bowl_001.fbx using Guid(29b1fa6fbc2e91945a4b78f6d4392bd8) Importer(815301076,1909f56bfc062723c751e8b465ee728b)  -> (artifact id: 'abb93bbedf3329803c0357bf6401b3cf') in 0.021248 seconds
Number of updated asset objects reloaded before import = 0
Number of asset objects unloaded after import = 8
========================================================================
Received Import Request.
  Time since last request: 0.025181 seconds.
  path: Assets/Sushi/Meshes/Box_Plastic_White_Small_002.fbx
  artifactKey: Guid(fbb2fca8a8de5954a9f52a73711930ef) Importer(815301076,1909f56bfc062723c751e8b465ee728b)
Start importing Assets/Sushi/Meshes/Box_Plastic_White_Small_002.fbx using Guid(fbb2fca8a8de5954a9f52a73711930ef) Importer(815301076,1909f56bfc062723c751e8b465ee728b)  -> (artifact id: 'f74b8178745096bef436ec4f18a35c9b') in 0.020876 seconds
Number of updated asset objects reloaded before import = 0
Number of asset objects unloaded after import = 8
========================================================================
Received Import Request.
  Time since last request: 0.000016 seconds.
  path: Assets/Sushi/Meshes/Nigiri_Salmon_002.fbx
  artifactKey: Guid(2c4654b08d4123a4187317dec0be7292) Importer(815301076,1909f56bfc062723c751e8b465ee728b)
Start importing Assets/Sushi/Meshes/Nigiri_Salmon_002.fbx using Guid(2c4654b08d4123a4187317dec0be7292) Importer(815301076,1909f56bfc062723c751e8b465ee728b)  -> (artifact id: '9d40962152fbfb4bf3f039cb62061e8c') in 0.021608 seconds
Number of updated asset objects reloaded before import = 0
Number of asset objects unloaded after import = 8
========================================================================
Received Import Request.
  Time since last request: 0.000031 seconds.
  path: Assets/Sushi/Meshes/Nigiri_Tuna_001.fbx
  artifactKey: Guid(48808ad0ce89fdb40b6c59ddad7f452f) Importer(815301076,1909f56bfc062723c751e8b465ee728b)
Start importing Assets/Sushi/Meshes/Nigiri_Tuna_001.fbx using Guid(48808ad0ce89fdb40b6c59ddad7f452f) Importer(815301076,1909f56bfc062723c751e8b465ee728b)  -> (artifact id: '51811aeb1cdeefe24bff0c243740508b') in 0.024647 seconds
Number of updated asset objects reloaded before import = 0
Number of asset objects unloaded after import = 8
========================================================================
Received Import Request.
  Time since last request: 0.185899 seconds.
  path: Assets/Sushi/Meshes/Knife_002.fbx
  artifactKey: Guid(6908b74ca9c2648488c056532babb023) Importer(815301076,1909f56bfc062723c751e8b465ee728b)
Start importing Assets/Sushi/Meshes/Knife_002.fbx using Guid(6908b74ca9c2648488c056532babb023) Importer(815301076,1909f56bfc062723c751e8b465ee728b)  -> (artifact id: '7677b76ea969fcda045a948958771b72') in 0.020084 seconds
Number of updated asset objects reloaded before import = 0
Number of asset objects unloaded after import = 8
========================================================================
Received Import Request.
  Time since last request: 0.000015 seconds.
  path: Assets/TextMesh Pro/Resources/Fonts & Materials/LiberationSans SDF - Drop Shadow.mat
  artifactKey: Guid(e73a58f6e2794ae7b1b7e50b7fb811b0) Importer(815301076,1909f56bfc062723c751e8b465ee728b)
Start importing Assets/TextMesh Pro/Resources/Fonts & Materials/LiberationSans SDF - Drop Shadow.mat using Guid(e73a58f6e2794ae7b1b7e50b7fb811b0) Importer(815301076,1909f56bfc062723c751e8b465ee728b)  -> (artifact id: '0d77d442015203e2c5fa51585493db24') in 0.051396 seconds
Number of updated asset objects reloaded before import = 0
Number of asset objects unloaded after import = 2
========================================================================
Received Import Request.
  Time since last request: 0.000023 seconds.
  path: Assets/TextMesh Pro/Resources/Fonts & Materials/LiberationSans SDF - Fallback.asset
  artifactKey: Guid(2e498d1c8094910479dc3e1b768306a4) Importer(815301076,1909f56bfc062723c751e8b465ee728b)
Start importing Assets/TextMesh Pro/Resources/Fonts & Materials/LiberationSans SDF - Fallback.asset using Guid(2e498d1c8094910479dc3e1b768306a4) Importer(815301076,1909f56bfc062723c751e8b465ee728b)  -> (artifact id: 'babc17ab7a685c0a8604e71007a35070') in 0.040214 seconds
Number of updated asset objects reloaded before import = 0
Number of asset objects unloaded after import = 6
========================================================================
Received Import Request.
  Time since last request: 0.000017 seconds.
  path: Assets/Sushi/Materials/Main_Texture.mat
  artifactKey: Guid(b32bb24c42a23174199b1b2c7f6b8287) Importer(815301076,1909f56bfc062723c751e8b465ee728b)
Start importing Assets/Sushi/Materials/Main_Texture.mat using Guid(b32bb24c42a23174199b1b2c7f6b8287) Importer(815301076,1909f56bfc062723c751e8b465ee728b)  -> (artifact id: 'f5f8e6dbd295faa019a56c8b35e37ce4') in 0.016692 seconds
Number of updated asset objects reloaded before import = 0
Number of asset objects unloaded after import = 2
Editor requested this worker to shutdown with reason: Scaling down because of idle timeout
AssetImportWorker is now disconnected from the server
Process exiting
Exiting without the bug reporter. Application will terminate with return code 0